16:17:49 接收(ET0106)[02]     000322<?xml version='1.0' encoding='GBK'?><ebank><tellNo>M</tellNo><nodeNo>65002101</nodeNo><tranCode>ET0106</tranCode><cust_account>9901290000000160</cust_account><billMoney>4000</billMoney><acptDt>2018-01-04</acptDt><dueDt></dueDt><remitter></remitter><payee></payee><pageSize>10</pageSize><currentPage>1</currentPage></ebank>
16:17:52 返回(ET0106)[02]     000148<?xml version="1.0" encoding="utf-8"?><ebank><hostReturnCode>AESBGW3102</hostReturnCode><hostErrorMessage>ESB C端内部错误</hostErrorMessage></ebank>
16:19:01 接收(ET0106)[02]     000322<?xml version='1.0' encoding='GBK'?><ebank><tellNo>M</tellNo><nodeNo>65002101</nodeNo><tranCode>ET0106</tranCode><cust_account>9901290000000160</cust_account><billMoney>4000</billMoney><acptDt>2018-01-04</acptDt><dueDt></dueDt><remitter></remitter><payee></payee><pageSize>10</pageSize><currentPage>1</currentPage></ebank>
16:19:01 返回(ET0106)[02]     000148<?xml version="1.0" encoding="utf-8"?><ebank><hostReturnCode>AESBGW3102</hostReturnCode><hostErrorMessage>ESB C端内部错误</hostErrorMessage></ebank>
16:19:06 接收(ET0106)[04]     000322<?xml version='1.0' encoding='GBK'?><ebank><tellNo>M</tellNo><nodeNo>65002101</nodeNo><tranCode>ET0106</tranCode><cust_account>9901290000000160</cust_account><billMoney>4000</billMoney><acptDt>2018-01-04</acptDt><dueDt></dueDt><remitter></remitter><payee></payee><pageSize>10</pageSize><currentPage>1</currentPage></ebank>
16:19:06 返回(ET0106)[04]     000148<?xml version="1.0" encoding="utf-8"?><ebank><hostReturnCode>AESBGW3102</hostReturnCode><hostErrorMessage>ESB C端内部错误</hostErrorMessage></ebank>
16:20:05 接收(ET0106)[02]     000322<?xml version='1.0' encoding='GBK'?><ebank><tellNo>M</tellNo><nodeNo>65002101</nodeNo><tranCode>ET0106</tranCode><cust_account>9901290000000160</cust_account><billMoney>4000</billMoney><acptDt>2018-01-04</acptDt><dueDt></dueDt><remitter></remitter><payee></payee><pageSize>10</pageSize><currentPage>1</currentPage></ebank>
16:20:05 返回(ET0106)[02]     000650<?xml version="1.0" encoding="utf-8"?><ebank><hostReturnCode>AESBGW3503</hostReturnCode><hostErrorMessage>请求报文XML校验失败:(1,282)cvc-length-valid: Value 'Z012018032900000000001' with length = '22' is not facet-valid with respect to length '23' for type 'GloSeqNo_SType'.
(1,282)cvc-type.3.1.3: The value 'Z012018032900000000001' of element 'GloSeqNo' is not valid.
(1,335)cvc-length-valid: Value 'Z01201803290000000000103' with length = '24' is not facet-valid with respect to length '25' for type 'GlobaTraceNo_SType'.
(1,335)cvc-type.3.1.3: The value 'Z01201803290000000000103' of element 'GlobaTraceNo' is not valid.</hostErrorMessage></ebank>
16:25:58 接收(ET0106)[02]     000322<?xml version='1.0' encoding='GBK'?><ebank><tellNo>M</tellNo><nodeNo>65002101</nodeNo><tranCode>ET0106</tranCode><cust_account>9901290000000160</cust_account><billMoney>4000</billMoney><acptDt>2018-01-04</acptDt><dueDt></dueDt><remitter></remitter><payee></payee><pageSize>10</pageSize><currentPage>1</currentPage></ebank>
16:26:03 接收(ET0106)[04]     000322<?xml version='1.0' encoding='GBK'?><ebank><tellNo>M</tellNo><nodeNo>65002101</nodeNo><tranCode>ET0106</tranCode><cust_account>9901290000000160</cust_account><billMoney>4000</billMoney><acptDt>2018-01-04</acptDt><dueDt></dueDt><remitter></remitter><payee></payee><pageSize>10</pageSize><currentPage>1</currentPage></ebank>
16:26:03 返回(ET0106)[02]     000157<?xml version="1.0" encoding="utf-8"?><ebank><hostReturnCode>AESBGW3202</hostReturnCode><hostErrorMessage>与服务提供方创建连接失败</hostErrorMessage></ebank>
16:26:08 返回(ET0106)[04]     000157<?xml version="1.0" encoding="utf-8"?><ebank><hostReturnCode>AESBGW3202</hostReturnCode><hostErrorMessage>与服务提供方创建连接失败</hostErrorMessage></ebank>
17:22:12 接收(ET0106)[06]     000322<?xml version='1.0' encoding='GBK'?><ebank><tellNo>M</tellNo><nodeNo>65002101</nodeNo><tranCode>ET0106</tranCode><cust_account>9901290000000160</cust_account><billMoney>4000</billMoney><acptDt>2018-01-04</acptDt><dueDt></dueDt><remitter></remitter><payee></payee><pageSize>10</pageSize><currentPage>1</currentPage></ebank>
17:22:22 接收(ET0106)[08]     000322<?xml version='1.0' encoding='GBK'?><ebank><tellNo>M</tellNo><nodeNo>65002101</nodeNo><tranCode>ET0106</tranCode><cust_account>9901290000000160</cust_account><billMoney>4000</billMoney><acptDt>2018-01-04</acptDt><dueDt></dueDt><remitter></remitter><payee></payee><pageSize>10</pageSize><currentPage>1</currentPage></ebank>
17:22:45 接收(ET0106)[10]     000322<?xml version='1.0' encoding='GBK'?><ebank><tellNo>M</tellNo><nodeNo>65002101</nodeNo><tranCode>ET0106</tranCode><cust_account>9901290000000160</cust_account><billMoney>4000</billMoney><acptDt>2018-01-04</acptDt><dueDt></dueDt><remitter></remitter><payee></payee><pageSize>10</pageSize><currentPage>1</currentPage></ebank>
17:23:08 交易处理失败（ET0106），原因: 未将对象引用设置到对象的实例。
17:23:08 返回(ET0106)[06]     000195<?xml version="1.0" encoding="utf-8"?><ebank><hostReturnCode>9998</hostReturnCode><hostErrorMessage>系统出现未知错误，如果您正在做动账交易，请查询余额确认交易是否成功！</hostErrorMessage></ebank>
17:23:17 交易处理失败（ET0106），原因: 未将对象引用设置到对象的实例。
17:23:17 返回(ET0106)[08]     000195<?xml version="1.0" encoding="utf-8"?><ebank><hostReturnCode>9998</hostReturnCode><hostErrorMessage>系统出现未知错误，如果您正在做动账交易，请查询余额确认交易是否成功！</hostErrorMessage></ebank>
17:24:19 交易处理失败（ET0106），原因: 未将对象引用设置到对象的实例。
17:24:19 返回(ET0106)[10]     000195<?xml version="1.0" encoding="utf-8"?><ebank><hostReturnCode>9998</hostReturnCode><hostErrorMessage>系统出现未知错误，如果您正在做动账交易，请查询余额确认交易是否成功！</hostErrorMessage></ebank>
17:24:29 接收(ET0106)[12]     000322<?xml version='1.0' encoding='GBK'?><ebank><tellNo>M</tellNo><nodeNo>65002101</nodeNo><tranCode>ET0106</tranCode><cust_account>9901290000000160</cust_account><billMoney>4000</billMoney><acptDt>2018-01-04</acptDt><dueDt></dueDt><remitter></remitter><payee></payee><pageSize>10</pageSize><currentPage>1</currentPage></ebank>
17:27:33 交易处理失败（ET0106），原因: 未将对象引用设置到对象的实例。
17:45:40 接收(ET0106)[14]     000322<?xml version='1.0' encoding='GBK'?><ebank><tellNo>M</tellNo><nodeNo>65002101</nodeNo><tranCode>ET0106</tranCode><cust_account>9901290000000160</cust_account><billMoney>4000</billMoney><acptDt>2018-01-04</acptDt><dueDt></dueDt><remitter></remitter><payee></payee><pageSize>10</pageSize><currentPage>1</currentPage></ebank>
17:47:22 交易处理失败（ET0106），原因: 未将对象引用设置到对象的实例。
17:47:22 返回(ET0106)[14]     000195<?xml version="1.0" encoding="utf-8"?><ebank><hostReturnCode>9998</hostReturnCode><hostErrorMessage>系统出现未知错误，如果您正在做动账交易，请查询余额确认交易是否成功！</hostErrorMessage></ebank>
17:54:50 接收(ET0106)[16]     000322<?xml version='1.0' encoding='GBK'?><ebank><tellNo>M</tellNo><nodeNo>65002101</nodeNo><tranCode>ET0106</tranCode><cust_account>9901290000000160</cust_account><billMoney>4000</billMoney><acptDt>2018-01-04</acptDt><dueDt></dueDt><remitter></remitter><payee></payee><pageSize>10</pageSize><currentPage>1</currentPage></ebank>
17:54:58 返回(ET0106)[16]     000123<?xml version="1.0" encoding="utf-8"?><ebank><hostReturnCode></hostReturnCode><hostErrorMessage></hostErrorMessage></ebank>
17:58:45 接收(ET0106)[02]     000322<?xml version='1.0' encoding='GBK'?><ebank><tellNo>M</tellNo><nodeNo>65002101</nodeNo><tranCode>ET0106</tranCode><cust_account>9901290000000160</cust_account><billMoney>4000</billMoney><acptDt>2018-01-04</acptDt><dueDt></dueDt><remitter></remitter><payee></payee><pageSize>10</pageSize><currentPage>1</currentPage></ebank>
17:58:51 返回(ET0106)[02]     000137<?xml version="1.0" encoding="utf-8"?><ebank><hostReturnCode>000000</hostReturnCode><hostErrorMessage>交易成功</hostErrorMessage></ebank>
18:07:09 接收(ET0106)[02]     000322<?xml version='1.0' encoding='GBK'?><ebank><tellNo>M</tellNo><nodeNo>65002101</nodeNo><tranCode>ET0106</tranCode><cust_account>9901290000000160</cust_account><billMoney>4000</billMoney><acptDt>2018-01-04</acptDt><dueDt></dueDt><remitter></remitter><payee></payee><pageSize>10</pageSize><currentPage>1</currentPage></ebank>
18:07:09 返回(ET0106)[02]     000216<?xml version="1.0" encoding="utf-8"?><ebank><hostReturnCode>BBSP9999</hostReturnCode><hostErrorMessage>com.hundsun.bics.common.IntegrationException: 字段[transNo]为必输项, 请确认后再次发起</hostErrorMessage></ebank>
18:07:28 接收(ET0106)[02]     000322<?xml version='1.0' encoding='GBK'?><ebank><tellNo>M</tellNo><nodeNo>65002101</nodeNo><tranCode>ET0106</tranCode><cust_account>9901290000000160</cust_account><billMoney>4000</billMoney><acptDt>2018-01-04</acptDt><dueDt></dueDt><remitter></remitter><payee></payee><pageSize>10</pageSize><currentPage>1</currentPage></ebank>
18:07:28 返回(ET0106)[02]     000137<?xml version="1.0" encoding="utf-8"?><ebank><hostReturnCode>000000</hostReturnCode><hostErrorMessage>交易成功</hostErrorMessage></ebank>
