16:45:40 接收(ET0111)[02]     000257<?xml version='1.0' encoding='GBK'?><ebank><tellNo>M</tellNo><nodeNo>65002101</nodeNo><tranCode>ET0111</tranCode><applicantAcctNo>9901290000000160</applicantAcctNo><billId>13696682</billId><signature>啊啊集团</signature><source>1</source><reserve1/></ebank>
16:45:52 交易处理失败（ET0111），原因: 未将对象引用设置到对象的实例。
16:45:52 返回(ET0111)[02]     000195<?xml version="1.0" encoding="utf-8"?><ebank><hostReturnCode>9998</hostReturnCode><hostErrorMessage>系统出现未知错误，如果您正在做动账交易，请查询余额确认交易是否成功！</hostErrorMessage></ebank>
16:46:47 接收(ET0111)[03]     000257<?xml version='1.0' encoding='GBK'?><ebank><tellNo>M</tellNo><nodeNo>65002101</nodeNo><tranCode>ET0111</tranCode><cust_account>9901290000000160</cust_account><rgct_ids>13696682</rgct_ids><warteeSign>啊啊集团</warteeSign><source>1</source><reserve1/></ebank>
16:47:35 接收(ET0111)[02]     000257<?xml version='1.0' encoding='GBK'?><ebank><tellNo>M</tellNo><nodeNo>65002101</nodeNo><tranCode>ET0111</tranCode><cust_account>9901290000000160</cust_account><rgct_ids>13696682</rgct_ids><warteeSign>啊啊集团</warteeSign><source>1</source><reserve1/></ebank>
16:49:27 返回(ET0111)[02]     000195<?xml version="1.0" encoding="utf-8"?><ebank><hostReturnCode>9998</hostReturnCode><hostErrorMessage>系统出现未知错误，如果您正在做动账交易，请查询余额确认交易是否成功！</hostErrorMessage></ebank>
16:49:29 接收(ET0111)[04]     000257<?xml version='1.0' encoding='GBK'?><ebank><tellNo>M</tellNo><nodeNo>65002101</nodeNo><tranCode>ET0111</tranCode><cust_account>9901290000000160</cust_account><rgct_ids>13696682</rgct_ids><warteeSign>啊啊集团</warteeSign><source>1</source><reserve1/></ebank>
16:54:26 接收(ET0111)[02]     000257<?xml version='1.0' encoding='GBK'?><ebank><tellNo>M</tellNo><nodeNo>65002101</nodeNo><tranCode>ET0111</tranCode><cust_account>9901290000000160</cust_account><rgct_ids>13696682</rgct_ids><warteeSign>啊啊集团</warteeSign><source>1</source><reserve1/></ebank>
16:56:58 接收(ET0111)[02]     000257<?xml version='1.0' encoding='GBK'?><ebank><tellNo>M</tellNo><nodeNo>65002101</nodeNo><tranCode>ET0111</tranCode><cust_account>9901290000000160</cust_account><rgct_ids>13696682</rgct_ids><warteeSign>啊啊集团</warteeSign><source>1</source><reserve1/></ebank>
16:58:31 接收(ET0111)[02]     000257<?xml version='1.0' encoding='GBK'?><ebank><tellNo>M</tellNo><nodeNo>65002101</nodeNo><tranCode>ET0111</tranCode><cust_account>9901290000000160</cust_account><rgct_ids>13696682</rgct_ids><warteeSign>啊啊集团</warteeSign><source>1</source><reserve1/></ebank>
17:06:58 接收(ET0111)[02]     000257<?xml version='1.0' encoding='GBK'?><ebank><tellNo>M</tellNo><nodeNo>65002101</nodeNo><tranCode>ET0111</tranCode><cust_account>9901290000000160</cust_account><rgct_ids>13696682</rgct_ids><warteeSign>啊啊集团</warteeSign><source>1</source><reserve1/></ebank>
17:08:17 接收(ET0111)[02]     000257<?xml version='1.0' encoding='GBK'?><ebank><tellNo>M</tellNo><nodeNo>65002101</nodeNo><tranCode>ET0111</tranCode><cust_account>9901290000000160</cust_account><rgct_ids>13696682</rgct_ids><warteeSign>啊啊集团</warteeSign><source>1</source><reserve1/></ebank>
17:08:46 接收(ET0111)[02]     000257<?xml version='1.0' encoding='GBK'?><ebank><tellNo>M</tellNo><nodeNo>65002101</nodeNo><tranCode>ET0111</tranCode><cust_account>9901290000000160</cust_account><rgct_ids>13696682</rgct_ids><warteeSign>啊啊集团</warteeSign><source>1</source><reserve1/></ebank>
17:09:26 接收(ET0111)[02]     000257<?xml version='1.0' encoding='GBK'?><ebank><tellNo>M</tellNo><nodeNo>65002101</nodeNo><tranCode>ET0111</tranCode><cust_account>9901290000000160</cust_account><rgct_ids>13696682</rgct_ids><warteeSign>啊啊集团</warteeSign><source>1</source><reserve1/></ebank>
17:09:29 返回(ET0111)[02]     000195<?xml version="1.0" encoding="utf-8"?><ebank><hostReturnCode>9998</hostReturnCode><hostErrorMessage>系统出现未知错误，如果您正在做动账交易，请查询余额确认交易是否成功！</hostErrorMessage></ebank>
17:09:33 接收(ET0111)[04]     000257<?xml version='1.0' encoding='GBK'?><ebank><tellNo>M</tellNo><nodeNo>65002101</nodeNo><tranCode>ET0111</tranCode><cust_account>9901290000000160</cust_account><rgct_ids>13696682</rgct_ids><warteeSign>啊啊集团</warteeSign><source>1</source><reserve1/></ebank>
17:09:33 返回(ET0111)[04]     000195<?xml version="1.0" encoding="utf-8"?><ebank><hostReturnCode>9998</hostReturnCode><hostErrorMessage>系统出现未知错误，如果您正在做动账交易，请查询余额确认交易是否成功！</hostErrorMessage></ebank>
17:09:54 接收(ET0111)[06]     000257<?xml version='1.0' encoding='GBK'?><ebank><tellNo>M</tellNo><nodeNo>65002101</nodeNo><tranCode>ET0111</tranCode><cust_account>9901290000000160</cust_account><rgct_ids>13696682</rgct_ids><warteeSign>啊啊集团</warteeSign><source>1</source><reserve1/></ebank>
17:11:06 接收(ET0111)[02]     000257<?xml version='1.0' encoding='GBK'?><ebank><tellNo>M</tellNo><nodeNo>65002101</nodeNo><tranCode>ET0111</tranCode><cust_account>9901290000000160</cust_account><rgct_ids>13696682</rgct_ids><warteeSign>啊啊集团</warteeSign><source>1</source><reserve1/></ebank>
17:11:39 返回(ET0111)[02]     000195<?xml version="1.0" encoding="utf-8"?><ebank><hostReturnCode>9998</hostReturnCode><hostErrorMessage>系统出现未知错误，如果您正在做动账交易，请查询余额确认交易是否成功！</hostErrorMessage></ebank>
17:14:07 接收(ET0111)[04]     000257<?xml version='1.0' encoding='GBK'?><ebank><tellNo>M</tellNo><nodeNo>65002101</nodeNo><tranCode>ET0111</tranCode><cust_account>9901290000000160</cust_account><rgct_ids>13696682</rgct_ids><warteeSign>啊啊集团</warteeSign><source>1</source><reserve1/></ebank>
17:14:24 返回(ET0111)[04]     000195<?xml version="1.0" encoding="utf-8"?><ebank><hostReturnCode>9998</hostReturnCode><hostErrorMessage>系统出现未知错误，如果您正在做动账交易，请查询余额确认交易是否成功！</hostErrorMessage></ebank>
18:14:00 接收(ET0111)[02]     000257<?xml version='1.0' encoding='GBK'?><ebank><tellNo>M</tellNo><nodeNo>65002101</nodeNo><tranCode>ET0111</tranCode><cust_account>9901290000000160</cust_account><rgct_ids>13696682</rgct_ids><warteeSign>啊啊集团</warteeSign><source>1</source><reserve1/></ebank>
18:14:22 交易处理失败（ET0111），原因: 输入字符串的格式不正确。
18:14:22 返回(ET0111)[02]     000195<?xml version="1.0" encoding="utf-8"?><ebank><hostReturnCode>9998</hostReturnCode><hostErrorMessage>系统出现未知错误，如果您正在做动账交易，请查询余额确认交易是否成功！</hostErrorMessage></ebank>
18:14:25 接收(ET0111)[04]     000257<?xml version='1.0' encoding='GBK'?><ebank><tellNo>M</tellNo><nodeNo>65002101</nodeNo><tranCode>ET0111</tranCode><cust_account>9901290000000160</cust_account><rgct_ids>13696682</rgct_ids><warteeSign>啊啊集团</warteeSign><source>1</source><reserve1/></ebank>
18:14:41 交易处理失败（ET0111），原因: 输入字符串的格式不正确。
18:14:41 返回(ET0111)[04]     000195<?xml version="1.0" encoding="utf-8"?><ebank><hostReturnCode>9998</hostReturnCode><hostErrorMessage>系统出现未知错误，如果您正在做动账交易，请查询余额确认交易是否成功！</hostErrorMessage></ebank>
18:14:43 接收(ET0111)[06]     000257<?xml version='1.0' encoding='GBK'?><ebank><tellNo>M</tellNo><nodeNo>65002101</nodeNo><tranCode>ET0111</tranCode><cust_account>9901290000000160</cust_account><rgct_ids>13696682</rgct_ids><warteeSign>啊啊集团</warteeSign><source>1</source><reserve1/></ebank>
18:15:03 接收(ET0111)[02]     000257<?xml version='1.0' encoding='GBK'?><ebank><tellNo>M</tellNo><nodeNo>65002101</nodeNo><tranCode>ET0111</tranCode><cust_account>9901290000000160</cust_account><rgct_ids>13696682</rgct_ids><warteeSign>啊啊集团</warteeSign><source>1</source><reserve1/></ebank>
18:15:59 交易处理失败（ET0111），原因: 根级别上的数据无效。 行 1，位置 1。
18:16:02 返回(ET0111)[02]     000195<?xml version="1.0" encoding="utf-8"?><ebank><hostReturnCode>9998</hostReturnCode><hostErrorMessage>系统出现未知错误，如果您正在做动账交易，请查询余额确认交易是否成功！</hostErrorMessage></ebank>
18:16:05 接收(ET0111)[04]     000257<?xml version='1.0' encoding='GBK'?><ebank><tellNo>M</tellNo><nodeNo>65002101</nodeNo><tranCode>ET0111</tranCode><cust_account>9901290000000160</cust_account><rgct_ids>13696682</rgct_ids><warteeSign>啊啊集团</warteeSign><source>1</source><reserve1/></ebank>
18:17:02 接收(ET0111)[02]     000257<?xml version='1.0' encoding='GBK'?><ebank><tellNo>M</tellNo><nodeNo>65002101</nodeNo><tranCode>ET0111</tranCode><cust_account>9901290000000160</cust_account><rgct_ids>13696682</rgct_ids><warteeSign>啊啊集团</warteeSign><source>1</source><reserve1/></ebank>
18:17:03 返回(ET0111)[02]     000148<?xml version="1.0" encoding="utf-8"?><ebank><hostReturnCode>AESBGW3102</hostReturnCode><hostErrorMessage>ESB C端内部错误</hostErrorMessage></ebank>
