09:19:47 接收(ET0106)[02]     000322<?xml version='1.0' encoding='GBK'?><ebank><tellNo>M</tellNo><nodeNo>65002101</nodeNo><tranCode>ET0106</tranCode><cust_account>9901290000000160</cust_account><billMoney>4000</billMoney><acptDt>2018-01-04</acptDt><dueDt></dueDt><remitter></remitter><payee></payee><pageSize>10</pageSize><currentPage>1</currentPage></ebank>
09:19:49 返回(ET0106)[02]     000137<?xml version="1.0" encoding="utf-8"?><ebank><hostReturnCode>000000</hostReturnCode><hostErrorMessage>交易成功</hostErrorMessage></ebank>
09:22:52 接收(ET0111)[04]     000257<?xml version='1.0' encoding='GBK'?><ebank><tellNo>M</tellNo><nodeNo>65002101</nodeNo><tranCode>ET0111</tranCode><cust_account>9901290000000160</cust_account><rgct_ids>13696682</rgct_ids><warteeSign>啊啊集团</warteeSign><source>1</source><reserve1/></ebank>
09:22:52 返回(ET0111)[04]     000148<?xml version="1.0" encoding="utf-8"?><ebank><hostReturnCode>AESBGW3102</hostReturnCode><hostErrorMessage>ESB C端内部错误</hostErrorMessage></ebank>
09:27:01 接收(ET0111)[06]     000257<?xml version='1.0' encoding='GBK'?><ebank><tellNo>M</tellNo><nodeNo>65002101</nodeNo><tranCode>ET0111</tranCode><cust_account>9901290000000160</cust_account><rgct_ids>13696682</rgct_ids><warteeSign>啊啊集团</warteeSign><source>1</source><reserve1/></ebank>
09:28:20 接收(ET0111)[02]     000257<?xml version='1.0' encoding='GBK'?><ebank><tellNo>M</tellNo><nodeNo>65002101</nodeNo><tranCode>ET0111</tranCode><cust_account>9901290000000160</cust_account><rgct_ids>13696682</rgct_ids><warteeSign>啊啊集团</warteeSign><source>1</source><reserve1/></ebank>
09:28:27 返回(ET0111)[02]     000148<?xml version="1.0" encoding="utf-8"?><ebank><hostReturnCode>AESBGW3102</hostReturnCode><hostErrorMessage>ESB C端内部错误</hostErrorMessage></ebank>
09:28:32 接收(ET0111)[04]     000257<?xml version='1.0' encoding='GBK'?><ebank><tellNo>M</tellNo><nodeNo>65002101</nodeNo><tranCode>ET0111</tranCode><cust_account>9901290000000160</cust_account><rgct_ids>13696682</rgct_ids><warteeSign>啊啊集团</warteeSign><source>1</source><reserve1/></ebank>
09:29:13 返回(ET0111)[04]     000148<?xml version="1.0" encoding="utf-8"?><ebank><hostReturnCode>AESBGW3102</hostReturnCode><hostErrorMessage>ESB C端内部错误</hostErrorMessage></ebank>
09:32:36 接收(ET0111)[02]     000257<?xml version='1.0' encoding='GBK'?><ebank><tellNo>M</tellNo><nodeNo>65002101</nodeNo><tranCode>ET0111</tranCode><cust_account>9901290000000160</cust_account><rgct_ids>13696682</rgct_ids><warteeSign>啊啊集团</warteeSign><source>1</source><reserve1/></ebank>
09:32:51 返回(ET0111)[02]     000148<?xml version="1.0" encoding="utf-8"?><ebank><hostReturnCode>AESBGW3102</hostReturnCode><hostErrorMessage>ESB C端内部错误</hostErrorMessage></ebank>
09:32:55 接收(ET0111)[04]     000257<?xml version='1.0' encoding='GBK'?><ebank><tellNo>M</tellNo><nodeNo>65002101</nodeNo><tranCode>ET0111</tranCode><cust_account>9901290000000160</cust_account><rgct_ids>13696682</rgct_ids><warteeSign>啊啊集团</warteeSign><source>1</source><reserve1/></ebank>
09:33:18 返回(ET0111)[04]     000148<?xml version="1.0" encoding="utf-8"?><ebank><hostReturnCode>AESBGW3102</hostReturnCode><hostErrorMessage>ESB C端内部错误</hostErrorMessage></ebank>
09:33:27 接收(ET0111)[06]     000257<?xml version='1.0' encoding='GBK'?><ebank><tellNo>M</tellNo><nodeNo>65002101</nodeNo><tranCode>ET0111</tranCode><cust_account>9901290000000160</cust_account><rgct_ids>13696682</rgct_ids><warteeSign>啊啊集团</warteeSign><source>1</source><reserve1/></ebank>
09:33:32 返回(ET0111)[06]     000148<?xml version="1.0" encoding="utf-8"?><ebank><hostReturnCode>AESBGW3102</hostReturnCode><hostErrorMessage>ESB C端内部错误</hostErrorMessage></ebank>
09:37:49 接收(ET0111)[02]     000257<?xml version='1.0' encoding='GBK'?><ebank><tellNo>M</tellNo><nodeNo>65002101</nodeNo><tranCode>ET0111</tranCode><cust_account>9901290000000160</cust_account><rgct_ids>13696682</rgct_ids><warteeSign>啊啊集团</warteeSign><source>1</source><reserve1/></ebank>
09:37:49 返回(ET0111)[02]     000148<?xml version="1.0" encoding="utf-8"?><ebank><hostReturnCode>AESBGW3102</hostReturnCode><hostErrorMessage>ESB C端内部错误</hostErrorMessage></ebank>
09:43:15 接收(ET0107)[04]     000221<?xml version='1.0' encoding='GBK'?><ebank><tellNo>M</tellNo><nodeNo>65002101</nodeNo><tranCode>ET0107</tranCode><cust_account>9901290000000160</cust_account><rgct_ids>13693960</rgct_ids><warteeSign>1</warteeSign></ebank>
09:43:16 返回(ET0107)[04]     000173<?xml version="1.0" encoding="utf-8"?><ebank><hostReturnCode>TC200001</hostReturnCode><hostErrorMessage>交易前置状态不正确!当前状态为：TE200401_02</hostErrorMessage></ebank>
09:54:10 接收(ET0107)[02]     000221<?xml version='1.0' encoding='GBK'?><ebank><tellNo>M</tellNo><nodeNo>65002101</nodeNo><tranCode>ET0107</tranCode><cust_account>9901290000000160</cust_account><rgct_ids>13693960</rgct_ids><warteeSign>1</warteeSign></ebank>
09:54:10 返回(ET0107)[02]     000173<?xml version="1.0" encoding="utf-8"?><ebank><hostReturnCode>TC200001</hostReturnCode><hostErrorMessage>交易前置状态不正确!当前状态为：TE200401_02</hostErrorMessage></ebank>
09:55:34 接收(ET0107)[04]     000221<?xml version='1.0' encoding='GBK'?><ebank><tellNo>M</tellNo><nodeNo>65002101</nodeNo><tranCode>ET0107</tranCode><cust_account>9901290000000160</cust_account><rgct_ids>13693960</rgct_ids><warteeSign>1</warteeSign></ebank>
09:55:34 交易处理失败（ET0107），原因: 未将对象引用设置到对象的实例。
09:55:34 返回(ET0107)[04]     000195<?xml version="1.0" encoding="utf-8"?><ebank><hostReturnCode>9998</hostReturnCode><hostErrorMessage>系统出现未知错误，如果您正在做动账交易，请查询余额确认交易是否成功！</hostErrorMessage></ebank>
09:55:45 接收(ET0107)[06]     000221<?xml version='1.0' encoding='GBK'?><ebank><tellNo>M</tellNo><nodeNo>65002101</nodeNo><tranCode>ET0107</tranCode><cust_account>9901290000000160</cust_account><rgct_ids>13693960</rgct_ids><warteeSign>1</warteeSign></ebank>
09:55:45 交易处理失败（ET0107），原因: 未将对象引用设置到对象的实例。
09:55:45 返回(ET0107)[06]     000195<?xml version="1.0" encoding="utf-8"?><ebank><hostReturnCode>9998</hostReturnCode><hostErrorMessage>系统出现未知错误，如果您正在做动账交易，请查询余额确认交易是否成功！</hostErrorMessage></ebank>
09:56:00 接收(ET0107)[08]     000221<?xml version='1.0' encoding='GBK'?><ebank><tellNo>M</tellNo><nodeNo>65002101</nodeNo><tranCode>ET0107</tranCode><cust_account>9901290000000160</cust_account><rgct_ids>13693960</rgct_ids><warteeSign>1</warteeSign></ebank>
09:56:00 交易处理失败（ET0107），原因: 未将对象引用设置到对象的实例。
09:56:00 返回(ET0107)[08]     000195<?xml version="1.0" encoding="utf-8"?><ebank><hostReturnCode>9998</hostReturnCode><hostErrorMessage>系统出现未知错误，如果您正在做动账交易，请查询余额确认交易是否成功！</hostErrorMessage></ebank>
09:56:12 接收(ET0107)[10]     000221<?xml version='1.0' encoding='GBK'?><ebank><tellNo>M</tellNo><nodeNo>65002101</nodeNo><tranCode>ET0107</tranCode><cust_account>9901290000000160</cust_account><rgct_ids>13693960</rgct_ids><warteeSign>1</warteeSign></ebank>
09:56:48 交易处理失败（ET0107），原因: 未将对象引用设置到对象的实例。
09:56:48 返回(ET0107)[10]     000195<?xml version="1.0" encoding="utf-8"?><ebank><hostReturnCode>9998</hostReturnCode><hostErrorMessage>系统出现未知错误，如果您正在做动账交易，请查询余额确认交易是否成功！</hostErrorMessage></ebank>
09:57:39 接收(ET0107)[12]     000221<?xml version='1.0' encoding='GBK'?><ebank><tellNo>M</tellNo><nodeNo>65002101</nodeNo><tranCode>ET0107</tranCode><cust_account>9901290000000160</cust_account><rgct_ids>13693960</rgct_ids><warteeSign>1</warteeSign></ebank>
09:57:45 返回(ET0107)[12]     000173<?xml version="1.0" encoding="utf-8"?><ebank><hostReturnCode>TC200001</hostReturnCode><hostErrorMessage>交易前置状态不正确!当前状态为：TE200401_02</hostErrorMessage></ebank>
